2026-06-02T03:25:22.786+03:00  INFO 22172 --- [main] com.ticket.backend.BackendApplication    : Starting BackendApplication using Java 17.0.18 with PID 22172 (C:\Users\Enes\Desktop\itsm-ticket-system\backend\target\classes started by Enes in C:\Users\Enes\Desktop\itsm-ticket-system\backend)
2026-06-02T03:25:22.807+03:00 DEBUG 22172 --- [main] com.ticket.backend.BackendApplication    : Running with Spring Boot v4.0.5, Spring v7.0.6
2026-06-02T03:25:22.808+03:00  INFO 22172 --- [main] com.ticket.backend.BackendApplication    : No active profile set, falling back to 1 default profile: "default"
2026-06-02T03:25:23.365+03:00  INFO 22172 --- [main] .s.d.r.c.RepositoryConfigurationDelegate : Bootstrapping Spring Data JPA repositories in DEFAULT mode.
2026-06-02T03:25:23.420+03:00  INFO 22172 --- [main] .s.d.r.c.RepositoryConfigurationDelegate : Finished Spring Data repository scanning in 43 ms. Found 8 JPA repository interfaces.
2026-06-02T03:25:23.995+03:00  INFO 22172 --- [main] o.s.boot.tomcat.TomcatWebServer          : Tomcat initialized with port 8080 (http)
2026-06-02T03:25:24.004+03:00  INFO 22172 --- [main] o.apache.catalina.core.StandardService   : Starting service [Tomcat]
2026-06-02T03:25:24.004+03:00  INFO 22172 --- [main] o.apache.catalina.core.StandardEngine    : Starting Servlet engine: [Apache Tomcat/11.0.20]
2026-06-02T03:25:24.051+03:00  INFO 22172 --- [main] b.w.c.s.WebApplicationContextInitializer : Root WebApplicationContext: initialization completed in 1210 ms
2026-06-02T03:25:24.175+03:00 DEBUG 22172 --- [main] c.t.backend.config.WebhookSecretFilter   : Filter 'webhookSecretFilter' configured for use
2026-06-02T03:25:24.273+03:00  INFO 22172 --- [main] org.hibernate.orm.jpa                    : HHH008540: Processing PersistenceUnitInfo [name: default]
2026-06-02T03:25:24.325+03:00  INFO 22172 --- [main] org.hibernate.orm.core                   : HHH000001: Hibernate ORM core version 7.2.7.Final
2026-06-02T03:25:24.620+03:00  INFO 22172 --- [main] o.s.o.j.p.SpringPersistenceUnitInfo      : No LoadTimeWeaver setup: ignoring JPA class transformer
2026-06-02T03:25:24.648+03:00  INFO 22172 --- [main] com.zaxxer.hikari.HikariDataSource       : HikariPool-1 - Starting...
2026-06-02T03:25:24.834+03:00  INFO 22172 --- [main] com.zaxxer.hikari.pool.HikariPool        : HikariPool-1 - Added connection org.postgresql.jdbc.PgConnection@320770d7
2026-06-02T03:25:24.835+03:00  INFO 22172 --- [main] com.zaxxer.hikari.HikariDataSource       : HikariPool-1 - Start completed.
2026-06-02T03:25:24.857+03:00  WARN 22172 --- [main] org.hibernate.orm.deprecation            : HHH90000025: PostgreSQLDialect does not need to be specified explicitly using 'hibernate.dialect' (remove the property setting and it will be selected by default)
2026-06-02T03:25:24.878+03:00  INFO 22172 --- [main] org.hibernate.orm.connections.pooling    : HHH10001005: Database info:
	Database JDBC URL [jdbc:postgresql://localhost:5432/ticket_db]
	Database driver: PostgreSQL JDBC Driver
	Database dialect: PostgreSQLDialect
	Database version: 15.17
	Default catalog/schema: ticket_db/public
	Autocommit mode: undefined/unknown
	Isolation level: READ_COMMITTED [default READ_COMMITTED]
	JDBC fetch size: none
	Pool: DataSourceConnectionProvider
	Minimum pool size: undefined/unknown
	Maximum pool size: undefined/unknown
2026-06-02T03:25:26.356+03:00  INFO 22172 --- [main] org.hibernate.orm.core                   : HHH000489: No JTA platform available (set 'hibernate.transaction.jta.platform' to enable JTA platform integration)
2026-06-02T03:25:26.361+03:00  INFO 22172 --- [main] j.LocalContainerEntityManagerFactoryBean : Initialized JPA EntityManagerFactory for persistence unit 'default'
2026-06-02T03:25:26.418+03:00  INFO 22172 --- [main] o.s.d.j.r.query.QueryEnhancerFactories   : Hibernate is in classpath; If applicable, HQL parser will be used.
2026-06-02T03:25:27.302+03:00  WARN 22172 --- [main] JpaBaseConfiguration$JpaWebConfiguration : spring.jpa.open-in-view is enabled by default. Therefore, database queries may be performed during view rendering. Explicitly configure spring.jpa.open-in-view to disable this warning
2026-06-02T03:25:27.814+03:00  INFO 22172 --- [main] o.s.b.a.e.web.EndpointLinksResolver      : Exposing 1 endpoint beneath base path '/actuator'
2026-06-02T03:25:27.889+03:00  INFO 22172 --- [main] o.s.boot.tomcat.TomcatWebServer          : Tomcat started on port 8080 (http) with context path '/'
2026-06-02T03:25:27.897+03:00  INFO 22172 --- [main] com.ticket.backend.BackendApplication    : Started BackendApplication in 5.423 seconds (process running for 5.712)
2026-06-02T03:25:28.011+03:00 DEBUG 22172 --- [main] c.t.b.c.MailPropertiesStartupLogger      : spring.mail configuration loaded: host=localhost, port=1025, smtp.auth=false, smtp.starttls.enable=false
2026-06-02T03:37:34.046+03:00  INFO 25028 --- [main] com.ticket.backend.BackendApplication    : Starting BackendApplication using Java 17.0.18 with PID 25028 (C:\Users\Enes\Desktop\itsm-ticket-system\backend\target\classes started by Enes in C:\Users\Enes\Desktop\itsm-ticket-system\backend)
2026-06-02T03:37:34.048+03:00 DEBUG 25028 --- [main] com.ticket.backend.BackendApplication    : Running with Spring Boot v4.0.5, Spring v7.0.6
2026-06-02T03:37:34.048+03:00  INFO 25028 --- [main] com.ticket.backend.BackendApplication    : No active profile set, falling back to 1 default profile: "default"
2026-06-02T03:37:34.558+03:00  INFO 25028 --- [main] .s.d.r.c.RepositoryConfigurationDelegate : Bootstrapping Spring Data JPA repositories in DEFAULT mode.
2026-06-02T03:37:34.611+03:00  INFO 25028 --- [main] .s.d.r.c.RepositoryConfigurationDelegate : Finished Spring Data repository scanning in 43 ms. Found 8 JPA repository interfaces.
2026-06-02T03:37:35.058+03:00  INFO 25028 --- [main] o.s.boot.tomcat.TomcatWebServer          : Tomcat initialized with port 8080 (http)
2026-06-02T03:37:35.072+03:00  INFO 25028 --- [main] o.apache.catalina.core.StandardService   : Starting service [Tomcat]
2026-06-02T03:37:35.072+03:00  INFO 25028 --- [main] o.apache.catalina.core.StandardEngine    : Starting Servlet engine: [Apache Tomcat/11.0.20]
2026-06-02T03:37:35.111+03:00  INFO 25028 --- [main] b.w.c.s.WebApplicationContextInitializer : Root WebApplicationContext: initialization completed in 1030 ms
2026-06-02T03:37:35.212+03:00 DEBUG 25028 --- [main] c.t.backend.config.WebhookSecretFilter   : Filter 'webhookSecretFilter' configured for use
2026-06-02T03:37:35.292+03:00  INFO 25028 --- [main] org.hibernate.orm.jpa                    : HHH008540: Processing PersistenceUnitInfo [name: default]
2026-06-02T03:37:35.329+03:00  INFO 25028 --- [main] org.hibernate.orm.core                   : HHH000001: Hibernate ORM core version 7.2.7.Final
2026-06-02T03:37:35.575+03:00  INFO 25028 --- [main] o.s.o.j.p.SpringPersistenceUnitInfo      : No LoadTimeWeaver setup: ignoring JPA class transformer
2026-06-02T03:37:35.596+03:00  INFO 25028 --- [main] com.zaxxer.hikari.HikariDataSource       : HikariPool-1 - Starting...
2026-06-02T03:37:35.694+03:00  INFO 25028 --- [main] com.zaxxer.hikari.pool.HikariPool        : HikariPool-1 - Added connection org.postgresql.jdbc.PgConnection@acd115d
2026-06-02T03:37:35.694+03:00  INFO 25028 --- [main] com.zaxxer.hikari.HikariDataSource       : HikariPool-1 - Start completed.
2026-06-02T03:37:35.715+03:00  WARN 25028 --- [main] org.hibernate.orm.deprecation            : HHH90000025: PostgreSQLDialect does not need to be specified explicitly using 'hibernate.dialect' (remove the property setting and it will be selected by default)
2026-06-02T03:37:35.731+03:00  INFO 25028 --- [main] org.hibernate.orm.connections.pooling    : HHH10001005: Database info:
	Database JDBC URL [jdbc:postgresql://localhost:5432/ticket_db]
	Database driver: PostgreSQL JDBC Driver
	Database dialect: PostgreSQLDialect
	Database version: 15.17
	Default catalog/schema: ticket_db/public
	Autocommit mode: undefined/unknown
	Isolation level: READ_COMMITTED [default READ_COMMITTED]
	JDBC fetch size: none
	Pool: DataSourceConnectionProvider
	Minimum pool size: undefined/unknown
	Maximum pool size: undefined/unknown
2026-06-02T03:37:36.429+03:00  INFO 25028 --- [main] org.hibernate.orm.core                   : HHH000489: No JTA platform available (set 'hibernate.transaction.jta.platform' to enable JTA platform integration)
2026-06-02T03:37:36.430+03:00  INFO 25028 --- [main] j.LocalContainerEntityManagerFactoryBean : Initialized JPA EntityManagerFactory for persistence unit 'default'
2026-06-02T03:37:36.489+03:00  INFO 25028 --- [main] o.s.d.j.r.query.QueryEnhancerFactories   : Hibernate is in classpath; If applicable, HQL parser will be used.
2026-06-02T03:37:37.124+03:00  WARN 25028 --- [main] ConfigServletWebServerApplicationContext : Exception encountered during context initialization - cancelling refresh attempt: org.springframework.beans.factory.UnsatisfiedDependencyException: Error creating bean with name 'agentAnalyticsController' defined in file [C:\Users\Enes\Desktop\itsm-ticket-system\backend\target\classes\com\ticket\backend\controller\AgentAnalyticsController.class]: Unsatisfied dependency expressed through constructor parameter 0: Error creating bean with name 'ticketService' defined in file [C:\Users\Enes\Desktop\itsm-ticket-system\backend\target\classes\com\ticket\backend\service\TicketService.class]: Unsatisfied dependency expressed through constructor parameter 6: Error creating bean with name 'notificationService' defined in file [C:\Users\Enes\Desktop\itsm-ticket-system\backend\target\classes\com\ticket\backend\service\NotificationService.class]: Unsatisfied dependency expressed through constructor parameter 4: Error creating bean with name 'mailService' defined in file [C:\Users\Enes\Desktop\itsm-ticket-system\backend\target\classes\com\ticket\backend\service\MailService.class]: Unsatisfied dependency expressed through constructor parameter 0: No qualifying bean of type 'org.springframework.mail.javamail.JavaMailSender' available: expected at least 1 bean which qualifies as autowire candidate. Dependency annotations: {}
2026-06-02T03:37:37.127+03:00  INFO 25028 --- [main] j.LocalContainerEntityManagerFactoryBean : Closing JPA EntityManagerFactory for persistence unit 'default'
2026-06-02T03:37:37.128+03:00  INFO 25028 --- [main] com.zaxxer.hikari.HikariDataSource       : HikariPool-1 - Shutdown initiated...
2026-06-02T03:37:37.133+03:00  INFO 25028 --- [main] com.zaxxer.hikari.HikariDataSource       : HikariPool-1 - Shutdown completed.
2026-06-02T03:37:37.139+03:00  INFO 25028 --- [main] o.apache.catalina.core.StandardService   : Stopping service [Tomcat]
2026-06-02T03:37:37.149+03:00  INFO 25028 --- [main] .s.b.a.l.ConditionEvaluationReportLogger : 

Error starting ApplicationContext. To display the condition evaluation report re-run your application with 'debug' enabled.
2026-06-02T03:37:37.163+03:00 ERROR 25028 --- [main] o.s.b.d.LoggingFailureAnalysisReporter   : 

***************************
APPLICATION FAILED TO START
***************************

Description:

Parameter 0 of constructor in com.ticket.backend.service.MailService required a bean of type 'org.springframework.mail.javamail.JavaMailSender' that could not be found.


Action:

Consider defining a bean of type 'org.springframework.mail.javamail.JavaMailSender' in your configuration.

2026-06-02T03:38:58.908+03:00  INFO 3812 --- [main] com.ticket.backend.BackendApplication    : Starting BackendApplication using Java 17.0.18 with PID 3812 (C:\Users\Enes\Desktop\itsm-ticket-system\backend\target\classes started by Enes in C:\Users\Enes\Desktop\itsm-ticket-system\backend)
2026-06-02T03:38:58.913+03:00 DEBUG 3812 --- [main] com.ticket.backend.BackendApplication    : Running with Spring Boot v4.0.5, Spring v7.0.6
2026-06-02T03:38:58.913+03:00  INFO 3812 --- [main] com.ticket.backend.BackendApplication    : No active profile set, falling back to 1 default profile: "default"
2026-06-02T03:38:59.473+03:00  INFO 3812 --- [main] .s.d.r.c.RepositoryConfigurationDelegate : Bootstrapping Spring Data JPA repositories in DEFAULT mode.
2026-06-02T03:38:59.519+03:00  INFO 3812 --- [main] .s.d.r.c.RepositoryConfigurationDelegate : Finished Spring Data repository scanning in 43 ms. Found 8 JPA repository interfaces.
2026-06-02T03:39:00.031+03:00  INFO 3812 --- [main] o.s.boot.tomcat.TomcatWebServer          : Tomcat initialized with port 8080 (http)
2026-06-02T03:39:00.045+03:00  INFO 3812 --- [main] o.apache.catalina.core.StandardService   : Starting service [Tomcat]
2026-06-02T03:39:00.045+03:00  INFO 3812 --- [main] o.apache.catalina.core.StandardEngine    : Starting Servlet engine: [Apache Tomcat/11.0.20]
2026-06-02T03:39:00.104+03:00  INFO 3812 --- [main] b.w.c.s.WebApplicationContextInitializer : Root WebApplicationContext: initialization completed in 1155 ms
2026-06-02T03:39:00.222+03:00 DEBUG 3812 --- [main] c.t.backend.config.WebhookSecretFilter   : Filter 'webhookSecretFilter' configured for use
2026-06-02T03:39:00.285+03:00  INFO 3812 --- [main] org.hibernate.orm.jpa                    : HHH008540: Processing PersistenceUnitInfo [name: default]
2026-06-02T03:39:00.322+03:00  INFO 3812 --- [main] org.hibernate.orm.core                   : HHH000001: Hibernate ORM core version 7.2.7.Final
2026-06-02T03:39:00.576+03:00  INFO 3812 --- [main] o.s.o.j.p.SpringPersistenceUnitInfo      : No LoadTimeWeaver setup: ignoring JPA class transformer
2026-06-02T03:39:00.601+03:00  INFO 3812 --- [main] com.zaxxer.hikari.HikariDataSource       : HikariPool-1 - Starting...
2026-06-02T03:39:00.697+03:00  INFO 3812 --- [main] com.zaxxer.hikari.pool.HikariPool        : HikariPool-1 - Added connection org.postgresql.jdbc.PgConnection@780dbed7
2026-06-02T03:39:00.698+03:00  INFO 3812 --- [main] com.zaxxer.hikari.HikariDataSource       : HikariPool-1 - Start completed.
2026-06-02T03:39:00.716+03:00  WARN 3812 --- [main] org.hibernate.orm.deprecation            : HHH90000025: PostgreSQLDialect does not need to be specified explicitly using 'hibernate.dialect' (remove the property setting and it will be selected by default)
2026-06-02T03:39:00.732+03:00  INFO 3812 --- [main] org.hibernate.orm.connections.pooling    : HHH10001005: Database info:
	Database JDBC URL [jdbc:postgresql://localhost:5432/ticket_db]
	Database driver: PostgreSQL JDBC Driver
	Database dialect: PostgreSQLDialect
	Database version: 15.17
	Default catalog/schema: ticket_db/public
	Autocommit mode: undefined/unknown
	Isolation level: READ_COMMITTED [default READ_COMMITTED]
	JDBC fetch size: none
	Pool: DataSourceConnectionProvider
	Minimum pool size: undefined/unknown
	Maximum pool size: undefined/unknown
2026-06-02T03:39:01.445+03:00  INFO 3812 --- [main] org.hibernate.orm.core                   : HHH000489: No JTA platform available (set 'hibernate.transaction.jta.platform' to enable JTA platform integration)
2026-06-02T03:39:01.448+03:00  INFO 3812 --- [main] j.LocalContainerEntityManagerFactoryBean : Initialized JPA EntityManagerFactory for persistence unit 'default'
2026-06-02T03:39:01.503+03:00  INFO 3812 --- [main] o.s.d.j.r.query.QueryEnhancerFactories   : Hibernate is in classpath; If applicable, HQL parser will be used.
2026-06-02T03:39:02.335+03:00  WARN 3812 --- [main] JpaBaseConfiguration$JpaWebConfiguration : spring.jpa.open-in-view is enabled by default. Therefore, database queries may be performed during view rendering. Explicitly configure spring.jpa.open-in-view to disable this warning
2026-06-02T03:39:02.898+03:00  INFO 3812 --- [main] o.s.b.a.e.web.EndpointLinksResolver      : Exposing 3 endpoints beneath base path '/actuator'
2026-06-02T03:39:02.963+03:00  INFO 3812 --- [main] o.s.boot.tomcat.TomcatWebServer          : Tomcat started on port 8080 (http) with context path '/'
2026-06-02T03:39:02.963+03:00  INFO 3812 --- [main] com.ticket.backend.BackendApplication    : Started BackendApplication in 4.391 seconds (process running for 4.674)
2026-06-02T03:39:03.056+03:00 DEBUG 3812 --- [main] c.t.b.c.MailPropertiesStartupLogger      : spring.mail configuration loaded: host=localhost, port=1025, smtp.auth=false, smtp.starttls.enable=false
2026-06-02T03:54:10.816+03:00  INFO 3812 --- [http-nio-8080-exec-1] o.a.c.c.C.[Tomcat].[localhost].[/]       : Initializing Spring DispatcherServlet 'dispatcherServlet'
2026-06-02T03:54:10.817+03:00  INFO 3812 --- [http-nio-8080-exec-1] o.s.web.servlet.DispatcherServlet        : Initializing Servlet 'dispatcherServlet'
2026-06-02T03:54:10.820+03:00  INFO 3812 --- [http-nio-8080-exec-1] o.s.web.servlet.DispatcherServlet        : Completed initialization in 3 ms
2026-06-02T03:54:34.748+03:00 DEBUG 3812 --- [http-nio-8080-exec-10] c.t.backend.service.NotificationService  : >>> [BİLDİRİM] notifyTicketCreated çağrıldı, ticketId=119
2026-06-02T03:54:34.751+03:00 DEBUG 3812 --- [http-nio-8080-exec-10] c.t.backend.service.NotificationService  : >>> [BİLDİRİM] notifyTicketCreated createNotification öncesi userId=5, ticketId=119, type=TICKET_CREATED, message=#119 — Request Received|||03:54 · We'll start working on it soon.
2026-06-02T03:54:34.751+03:00 DEBUG 3812 --- [http-nio-8080-exec-10] c.t.backend.service.NotificationService  : >>> [BİLDİRİM] createNotification başladı userId=5, relatedTicketId=119, type=TICKET_CREATED
2026-06-02T03:54:34.751+03:00 DEBUG 3812 --- [http-nio-8080-exec-10] c.t.backend.service.NotificationService  : >>> [BİLDİRİM] createNotification notificationRepository.save öncesi relatedTicketId=119, type=TICKET_CREATED, safeLen=65
2026-06-02T03:54:34.762+03:00 DEBUG 3812 --- [http-nio-8080-exec-10] c.t.backend.service.NotificationService  : >>> [BİLDİRİM] createNotification notificationRepository.save tamamlandı userId=5, relatedTicketId=119, type=TICKET_CREATED
2026-06-02T03:54:34.767+03:00 DEBUG 3812 --- [http-nio-8080-exec-10] c.t.backend.service.NotificationService  : >>> [BİLDİRİM] notifyTicketCreated createNotification sonrası tamamlandı, ticketId=119
2026-06-02T03:54:34.888+03:00  INFO 3812 --- [task-2] o.a.kafka.common.config.AbstractConfig   : ProducerConfig values: 
	acks = -1
	batch.size = 16384
	bootstrap.servers = [localhost:9092]
	buffer.memory = 33554432
	client.dns.lookup = use_all_dns_ips
	client.id = producer-1
	compression.gzip.level = -1
	compression.lz4.level = 9
	compression.type = none
	compression.zstd.level = 3
	connections.max.idle.ms = 540000
	delivery.timeout.ms = 120000
	enable.idempotence = true
	enable.metrics.push = true
	interceptor.classes = []
	key.serializer = class org.apache.kafka.common.serialization.StringSerializer
	linger.ms = 5
	max.block.ms = 60000
	max.in.flight.requests.per.connection = 5
	max.request.size = 1048576
	metadata.max.age.ms = 300000
	metadata.max.idle.ms = 300000
	metadata.recovery.rebootstrap.trigger.ms = 300000
	metadata.recovery.strategy = rebootstrap
	metric.reporters = [org.apache.kafka.common.metrics.JmxReporter]
	metrics.num.samples = 2
	metrics.recording.level = INFO
	metrics.sample.window.ms = 30000
	partitioner.adaptive.partitioning.enable = true
	partitioner.availability.timeout.ms = 0
	partitioner.class = null
	partitioner.ignore.keys = false
	receive.buffer.bytes = 32768
	reconnect.backoff.max.ms = 1000
	reconnect.backoff.ms = 50
	request.timeout.ms = 30000
	retries = 2147483647
	retry.backoff.max.ms = 1000
	retry.backoff.ms = 100
	sasl.client.callback.handler.class = null
	sasl.jaas.config = null
	sasl.kerberos.kinit.cmd = /usr/bin/kinit
	sasl.kerberos.min.time.before.relogin = 60000
	sasl.kerberos.service.name = null
	sasl.kerberos.ticket.renew.jitter = 0.05
	sasl.kerberos.ticket.renew.window.factor = 0.8
	sasl.login.callback.handler.class = null
	sasl.login.class = null
	sasl.login.connect.timeout.ms = null
	sasl.login.read.timeout.ms = null
	sasl.login.refresh.buffer.seconds = 300
	sasl.login.refresh.min.period.seconds = 60
	sasl.login.refresh.window.factor = 0.8
	sasl.login.refresh.window.jitter = 0.05
	sasl.login.retry.backoff.max.ms = 10000
	sasl.login.retry.backoff.ms = 100
	sasl.mechanism = GSSAPI
	sasl.oauthbearer.assertion.algorithm = RS256
	sasl.oauthbearer.assertion.claim.aud = null
	sasl.oauthbearer.assertion.claim.exp.seconds = 300
	sasl.oauthbearer.assertion.claim.iss = null
	sasl.oauthbearer.assertion.claim.jti.include = false
	sasl.oauthbearer.assertion.claim.nbf.seconds = 60
	sasl.oauthbearer.assertion.claim.sub = null
	sasl.oauthbearer.assertion.file = null
	sasl.oauthbearer.assertion.private.key.file = null
	sasl.oauthbearer.assertion.private.key.passphrase = null
	sasl.oauthbearer.assertion.template.file = null
	sasl.oauthbearer.client.credentials.client.id = null
	sasl.oauthbearer.client.credentials.client.secret = null
	sasl.oauthbearer.clock.skew.seconds = 30
	sasl.oauthbearer.expected.audience = null
	sasl.oauthbearer.expected.issuer = null
	sasl.oauthbearer.header.urlencode = false
	sasl.oauthbearer.jwks.endpoint.refresh.ms = 3600000
	sasl.oauthbearer.jwks.endpoint.retry.backoff.max.ms = 10000
	sasl.oauthbearer.jwks.endpoint.retry.backoff.ms = 100
	sasl.oauthbearer.jwks.endpoint.url = null
	sasl.oauthbearer.jwt.retriever.class = class org.apache.kafka.common.security.oauthbearer.DefaultJwtRetriever
	sasl.oauthbearer.jwt.validator.class = class org.apache.kafka.common.security.oauthbearer.DefaultJwtValidator
	sasl.oauthbearer.scope = null
	sasl.oauthbearer.scope.claim.name = scope
	sasl.oauthbearer.sub.claim.name = sub
	sasl.oauthbearer.token.endpoint.url = null
	security.protocol = PLAINTEXT
	security.providers = null
	send.buffer.bytes = 131072
	socket.connection.setup.timeout.max.ms = 30000
	socket.connection.setup.timeout.ms = 10000
	ssl.cipher.suites = null
	ssl.enabled.protocols = [TLSv1.2, TLSv1.3]
	ssl.endpoint.identification.algorithm = https
	ssl.engine.factory.class = null
	ssl.key.password = null
	ssl.keymanager.algorithm = SunX509
	ssl.keystore.certificate.chain = null
	ssl.keystore.key = null
	ssl.keystore.location = null
	ssl.keystore.password = null
	ssl.keystore.type = JKS
	ssl.protocol = TLSv1.3
	ssl.provider = null
	ssl.secure.random.implementation = null
	ssl.trustmanager.algorithm = PKIX
	ssl.truststore.certificates = null
	ssl.truststore.location = null
	ssl.truststore.password = null
	ssl.truststore.type = JKS
	transaction.timeout.ms = 60000
	transaction.two.phase.commit.enable = false
	transactional.id = null
	value.serializer = class org.springframework.kafka.support.serializer.JsonSerializer

2026-06-02T03:54:34.949+03:00  INFO 3812 --- [task-2] o.a.k.c.t.i.KafkaMetricsCollector        : initializing Kafka metrics collector
2026-06-02T03:54:35.029+03:00  INFO 3812 --- [task-2] o.a.k.clients.producer.KafkaProducer     : [Producer clientId=producer-1] Instantiated an idempotent producer.
2026-06-02T03:54:35.099+03:00  INFO 3812 --- [task-2] o.a.kafka.common.utils.AppInfoParser     : Kafka version: 4.1.2
2026-06-02T03:54:35.099+03:00  INFO 3812 --- [task-2] o.a.kafka.common.utils.AppInfoParser     : Kafka commitId: c82fd9b934b4c1e6
2026-06-02T03:54:35.100+03:00  INFO 3812 --- [task-2] o.a.kafka.common.utils.AppInfoParser     : Kafka startTimeMs: 1780361675096
2026-06-02T03:54:35.750+03:00  INFO 3812 --- [task-3] com.ticket.backend.service.JbpmService   : Started jBPM process with correlationKey 119 (Instance ID: 42)
2026-06-02T03:54:35.934+03:00  INFO 3812 --- [kafka-producer-network-thread | producer-1] org.apache.kafka.clients.Metadata        : [Producer clientId=producer-1] Cluster ID: Ux1r6TT7RjCi58Ou3Y_baw
2026-06-02T03:54:36.058+03:00  INFO 3812 --- [kafka-producer-network-thread | producer-1] o.a.k.c.p.internals.TransactionManager   : [Producer clientId=producer-1] ProducerId set to 15000 with epoch 0
